0 info it worked if it ends with ok
1 verbose cli [ '/usr/bin/node', '/usr/bin/npm', 'install' ]
2 info using npm@1.2.18
3 info using node@v0.10.5
4 verbose node symlink /usr/bin/node
5 verbose read json /home/amazurov/live/eslevels/examples/nodejs/package.json
6 warn package.json @ No README.md file found!
7 verbose readDependencies using package.json deps
8 verbose install where, deps [ '/home/amazurov/live/eslevels/examples/nodejs',
8 verbose install   [ 'eslevels' ] ]
9 verbose from cache /home/amazurov/live/eslevels/examples/nodejs/package.json
10 info preinstall @
11 verbose from cache /home/amazurov/live/eslevels/examples/nodejs/package.json
12 verbose readDependencies using package.json deps
13 verbose cache add [ 'eslevels@../../', null ]
14 verbose cache add name=undefined spec="eslevels@../../" args=["eslevels@../../",null]
15 verbose parsed url { protocol: null,
15 verbose parsed url   slashes: null,
15 verbose parsed url   auth: null,
15 verbose parsed url   host: null,
15 verbose parsed url   port: null,
15 verbose parsed url   hostname: null,
15 verbose parsed url   hash: null,
15 verbose parsed url   search: null,
15 verbose parsed url   query: null,
15 verbose parsed url   pathname: 'eslevels@../../',
15 verbose parsed url   path: 'eslevels@../../',
15 verbose parsed url   href: 'eslevels@../../' }
16 verbose cache add name="eslevels" spec="../../" args=["eslevels","../../"]
17 verbose parsed url { protocol: null,
17 verbose parsed url   slashes: null,
17 verbose parsed url   auth: null,
17 verbose parsed url   host: null,
17 verbose parsed url   port: null,
17 verbose parsed url   hostname: null,
17 verbose parsed url   hash: null,
17 verbose parsed url   search: null,
17 verbose parsed url   query: null,
17 verbose parsed url   pathname: '../../',
17 verbose parsed url   path: '../../',
17 verbose parsed url   href: '../../' }
18 verbose addNamed [ 'eslevels', '../../' ]
19 verbose addNamed [ null, null ]
20 silly lockFile 281c84c2-eslevels eslevels@../../
21 verbose lock eslevels@../../ /home/amazurov/.npm/281c84c2-eslevels.lock
22 info addNameTag [ 'eslevels', '../../' ]
23 verbose url raw eslevels
24 verbose url resolving [ 'https://registry.npmjs.org/', './eslevels' ]
25 verbose url resolved https://registry.npmjs.org/eslevels
26 info trying registry request attempt 1 at 14:53:38
27 http GET https://registry.npmjs.org/eslevels
28 http 404 https://registry.npmjs.org/eslevels
29 silly registry.get cb [ 404,
29 silly registry.get   { server: 'CouchDB/1.3.0 (Erlang OTP/R15B03)',
29 silly registry.get     date: 'Fri, 26 Apr 2013 12:53:26 GMT',
29 silly registry.get     'content-type': 'application/json',
29 silly registry.get     'content-length': '52',
29 silly registry.get     'cache-control': 'must-revalidate' } ]
30 silly lockFile 281c84c2-eslevels eslevels@../../
31 silly lockFile 281c84c2-eslevels eslevels@../../
32 error 404 'eslevels' is not in the npm registry.
32 error 404 You should bug the author to publish it
32 error 404
32 error 404 Note that you can also install from a
32 error 404 tarball, folder, or http url, or git url.
33 error System Linux 3.8.0-17-generic
34 error command "/usr/bin/node" "/usr/bin/npm" "install"
35 error cwd /home/amazurov/live/eslevels/examples/nodejs
36 error node -v v0.10.5
37 error npm -v 1.2.18
38 error code E404
39 verbose exit [ 1, true ]
